<?xml version="1.0" encoding="UTF-8"?>
<beans xmlns="http://www.springframework.org/schema/beans"
	xmlns:xsi="http://www.w3.org/2001/XMLSchema-instance" xmlns:cxf="http://camel.apache.org/schema/cxf"
	xmlns:context="http://www.springframework.org/schema/context"
	xmlns:util="http://www.springframework.org/schema/util"
	xsi:schemaLocation="
       http://www.springframework.org/schema/beans http://www.springframework.org/schema/beans/spring-beans.xsd
       http://www.springframework.org/schema/context http://www.springframework.org/schema/context/spring-context.xsd
       http://camel.apache.org/schema/cxf http://camel.apache.org/schema/cxf/camel-cxf.xsd
       http://www.springframework.org/schema/util http://www.springframework.org/schema/util/spring-util-3.0.xsd
       http://www.springframework.org/schema/context http://www.springframework.org/schema/context/spring-context.xsd">

	<util:properties id="properties" location="classpath:test.properties" />

	<context:property-placeholder
		properties-ref="properties" />

	<cxf:rsServer id="rsServer" address="${http.address.path}"
		loggingFeatureEnabled="true" loggingSizeLimit="20" skipFaultLogging="true">
		<cxf:providers>
			<bean class="org.codehaus.jackson.jaxrs.JacksonJsonProvider" />
			<bean
				class="org.apache.cxf.rs.security.cors.CrossOriginResourceSharingFilter" />
		</cxf:providers>
	</cxf:rsServer>


</beans>